{"synthetic": false,
 "schemaVersion": "2025-09-10",
 "outputs":
 {"o": ["58dac703aefd496b.olean"],
  "i": "4bfcd20e58a5d622.ilean",
  "c": "b4dcdb01dd3aa4df.c"},
 "log":
 [{"message":
   ".> LEAN_PATH=/home/mrnob0dy666/ob3ect/.lake/packages/Cli/.lake/build/lib/lean:/home/mrnob0dy666/ob3ect/.lake/packages/batteries/.lake/build/lib/lean:/home/mrnob0dy666/ob3ect/.lake/packages/Qq/.lake/build/lib/lean:/home/mrnob0dy666/ob3ect/.lake/packages/aesop/.lake/build/lib/lean:/home/mrnob0dy666/ob3ect/.lake/packages/proofwidgets/.lake/build/lib/lean:/home/mrnob0dy666/ob3ect/.lake/packages/importGraph/.lake/build/lib/lean:/home/mrnob0dy666/ob3ect/.lake/packages/LeanSearchClient/.lake/build/lib/lean:/home/mrnob0dy666/ob3ect/.lake/packages/plausible/.lake/build/lib/lean:/home/mrnob0dy666/ob3ect/.lake/packages/mathlib/.lake/build/lib/lean:/home/mrnob0dy666/ob3ect/.lake/build/lib/lean /home/mrnob0dy666/.elan/toolchains/leanprover--lean4---v4.28.0/bin/lean /home/mrnob0dy666/ob3ect/Proofs/CCC.lean -o /home/mrnob0dy666/ob3ect/.lake/build/lib/lean/Proofs/CCC.olean -i /home/mrnob0dy666/ob3ect/.lake/build/lib/lean/Proofs/CCC.ilean -c /home/mrnob0dy666/ob3ect/.lake/build/ir/Proofs/CCC.c --setup /home/mrnob0dy666/ob3ect/.lake/build/ir/Proofs/CCC.setup.json --json",
   "level": "trace"}],
 "inputs":
 [["Proofs.CCC:deps",
   [["deps",
     [["«ob3ect-proofs»/Proofs:extraDep",
       [["@«ob3ect-proofs»:extraDep", "00000000000006bb"]]],
      ["imports", "00000000000006bb"]]],
    ["libs",
     [["import dynlibs", "00000000000006bb"],
      ["package external libraries", "00000000000006bb"],
      ["module dynlibs", "00000000000006bb"],
      ["module plugins", "00000000000006bb"]]]]],
  ["Lean 4.28.0, commit 7e01a1bf5c70fc6167d49c345d3bf80596e9a79b",
   "a96bc04a2e5e9630"],
  ["/home/mrnob0dy666/ob3ect/Proofs/CCC.lean", "46848cc9733b9e15"],
  ["options",
   [["-DrelaxedAutoImplicit=false", "74a2b5546b55be80"],
    ["-Dpp.unicode.fun=true", "9b94070140457fab"]]],
  ["Module.leanArgs: #[]", "00000000000006bb"]],
 "depHash": "8bb42efe3a643d5c"}