{"synthetic": false,
 "schemaVersion": "2025-09-10",
 "outputs":
 {"o": ["b763ef8f578bfdfc.olean"],
  "i": "3cf49749926d9726.ilean",
  "c": "156d0a110dc4197a.c"},
 "log":
 [{"message":
   ".> LEAN_PATH=/home/mrnob0dy666/ob3ect/.lake/packages/Cli/.lake/build/lib/lean:/home/mrnob0dy666/ob3ect/.lake/packages/batteries/.lake/build/lib/lean:/home/mrnob0dy666/ob3ect/.lake/packages/Qq/.lake/build/lib/lean:/home/mrnob0dy666/ob3ect/.lake/packages/aesop/.lake/build/lib/lean:/home/mrnob0dy666/ob3ect/.lake/packages/proofwidgets/.lake/build/lib/lean:/home/mrnob0dy666/ob3ect/.lake/packages/importGraph/.lake/build/lib/lean:/home/mrnob0dy666/ob3ect/.lake/packages/LeanSearchClient/.lake/build/lib/lean:/home/mrnob0dy666/ob3ect/.lake/packages/plausible/.lake/build/lib/lean:/home/mrnob0dy666/ob3ect/.lake/packages/mathlib/.lake/build/lib/lean:/home/mrnob0dy666/ob3ect/.lake/build/lib/lean /home/mrnob0dy666/.elan/toolchains/leanprover--lean4---v4.28.0/bin/lean /home/mrnob0dy666/ob3ect/Proofs/Coherence.lean -o /home/mrnob0dy666/ob3ect/.lake/build/lib/lean/Proofs/Coherence.olean -i /home/mrnob0dy666/ob3ect/.lake/build/lib/lean/Proofs/Coherence.ilean -c /home/mrnob0dy666/ob3ect/.lake/build/ir/Proofs/Coherence.c --setup /home/mrnob0dy666/ob3ect/.lake/build/ir/Proofs/Coherence.setup.json --json",
   "level": "trace"},
  {"message": "Proofs/Coherence.lean:19:8: declaration uses `sorry`",
   "level": "warning"}],
 "inputs":
 [["Proofs.Coherence:deps",
   [["deps",
     [["«ob3ect-proofs»/Proofs:extraDep",
       [["@«ob3ect-proofs»:extraDep", "00000000000006bb"]]],
      ["imports",
       [["Proofs.CCC transitive imports (legacy)", "00000000000006bb"],
        ["Proofs.CCC:importAllArts", "939e5073c65a0b7d"],
        ["Proofs.Frobenius_minimal transitive imports (legacy)",
         "00000000000006bb"],
        ["Proofs.Frobenius_minimal:importAllArts", "01b5e69844c578c1"],
        ["Proofs.Hopf transitive imports (legacy)", "00000000000006bb"],
        ["Proofs.Hopf:importAllArts", "53f527f2e7864c57"],
        ["Proofs.HoTT transitive imports (legacy)", "00000000000006bb"],
        ["Proofs.HoTT:importAllArts", "927357b3399120af"],
        ["Proofs.LinearLogic transitive imports (legacy)", "00000000000006bb"],
        ["Proofs.LinearLogic:importAllArts", "484e9441aba747ac"],
        ["Proofs.Quantum transitive imports (legacy)", "00000000000006bb"],
        ["Proofs.Quantum:importAllArts", "8f31f24cc53505bc"],
        ["Proofs.StringDiagrams transitive imports (legacy)",
         "00000000000006bb"],
        ["Proofs.StringDiagrams:importAllArts", "97ce9bd2e0685192"],
        ["Proofs.Topos transitive imports (legacy)", "00000000000006bb"],
        ["Proofs.Topos:importAllArts", "231e96854ed6e783"],
        ["Proofs.SelfImscription transitive imports (legacy)",
         "00000000000006bb"],
        ["Proofs.SelfImscription:importAllArts", "8bc856f8f932da65"]]]]],
    ["libs",
     [["import dynlibs", "00000000000006bb"],
      ["package external libraries", "00000000000006bb"],
      ["module dynlibs", "00000000000006bb"],
      ["module plugins", "00000000000006bb"]]]]],
  ["Lean 4.28.0, commit 7e01a1bf5c70fc6167d49c345d3bf80596e9a79b",
   "a96bc04a2e5e9630"],
  ["/home/mrnob0dy666/ob3ect/Proofs/Coherence.lean", "96b55ed4eec9ee73"],
  ["options",
   [["-DrelaxedAutoImplicit=false", "74a2b5546b55be80"],
    ["-Dpp.unicode.fun=true", "9b94070140457fab"]]],
  ["Module.leanArgs: #[]", "00000000000006bb"]],
 "depHash": "b2fc35608c4c72fe"}