{"synthetic": false,
 "schemaVersion": "2025-09-10",
 "outputs":
 {"o": ["0fe64484f1b85af7.olean"],
  "i": "fee98888d4d2ed7a.ilean",
  "c": "a9d4532c4d12f2b7.c"},
 "log":
 [{"message":
   ".> LEAN_PATH=/home/mrnob0dy666/ob3ect/.lake/packages/Cli/.lake/build/lib/lean:/home/mrnob0dy666/ob3ect/.lake/packages/batteries/.lake/build/lib/lean:/home/mrnob0dy666/ob3ect/.lake/packages/Qq/.lake/build/lib/lean:/home/mrnob0dy666/ob3ect/.lake/packages/aesop/.lake/build/lib/lean:/home/mrnob0dy666/ob3ect/.lake/packages/proofwidgets/.lake/build/lib/lean:/home/mrnob0dy666/ob3ect/.lake/packages/importGraph/.lake/build/lib/lean:/home/mrnob0dy666/ob3ect/.lake/packages/LeanSearchClient/.lake/build/lib/lean:/home/mrnob0dy666/ob3ect/.lake/packages/plausible/.lake/build/lib/lean:/home/mrnob0dy666/ob3ect/.lake/packages/mathlib/.lake/build/lib/lean:/home/mrnob0dy666/ob3ect/.lake/build/lib/lean /home/mrnob0dy666/.elan/toolchains/leanprover--lean4---v4.28.0/bin/lean /home/mrnob0dy666/ob3ect/Proofs/Frobenius_minimal.lean -o /home/mrnob0dy666/ob3ect/.lake/build/lib/lean/Proofs/Frobenius_minimal.olean -i /home/mrnob0dy666/ob3ect/.lake/build/lib/lean/Proofs/Frobenius_minimal.ilean -c /home/mrnob0dy666/ob3ect/.lake/build/ir/Proofs/Frobenius_minimal.c --setup /home/mrnob0dy666/ob3ect/.lake/build/ir/Proofs/Frobenius_minimal.setup.json --json",
   "level": "trace"}],
 "inputs":
 [["Proofs.Frobenius_minimal:deps",
   [["deps",
     [["«ob3ect-proofs»/Proofs:extraDep",
       [["@«ob3ect-proofs»:extraDep", "00000000000006bb"]]],
      ["imports", "00000000000006bb"]]],
    ["libs",
     [["import dynlibs", "00000000000006bb"],
      ["package external libraries", "00000000000006bb"],
      ["module dynlibs", "00000000000006bb"],
      ["module plugins", "00000000000006bb"]]]]],
  ["Lean 4.28.0, commit 7e01a1bf5c70fc6167d49c345d3bf80596e9a79b",
   "a96bc04a2e5e9630"],
  ["/home/mrnob0dy666/ob3ect/Proofs/Frobenius_minimal.lean",
   "7272662da517bf05"],
  ["options",
   [["-DrelaxedAutoImplicit=false", "74a2b5546b55be80"],
    ["-Dpp.unicode.fun=true", "9b94070140457fab"]]],
  ["Module.leanArgs: #[]", "00000000000006bb"]],
 "depHash": "80395a7c3305876e"}