{"synthetic": false,
 "schemaVersion": "2025-09-10",
 "outputs":
 {"o": ["974acbf73c84b886.olean"],
  "i": "2d68c64d6e97171f.ilean",
  "c": "2f444697b390b53e.c"},
 "log":
 [{"message":
   ".> LEAN_PATH=/home/mrnob0dy666/ob3ect/.lake/packages/Cli/.lake/build/lib/lean:/home/mrnob0dy666/ob3ect/.lake/packages/batteries/.lake/build/lib/lean:/home/mrnob0dy666/ob3ect/.lake/packages/Qq/.lake/build/lib/lean:/home/mrnob0dy666/ob3ect/.lake/packages/aesop/.lake/build/lib/lean:/home/mrnob0dy666/ob3ect/.lake/packages/proofwidgets/.lake/build/lib/lean:/home/mrnob0dy666/ob3ect/.lake/packages/importGraph/.lake/build/lib/lean:/home/mrnob0dy666/ob3ect/.lake/packages/LeanSearchClient/.lake/build/lib/lean:/home/mrnob0dy666/ob3ect/.lake/packages/plausible/.lake/build/lib/lean:/home/mrnob0dy666/ob3ect/.lake/packages/mathlib/.lake/build/lib/lean:/home/mrnob0dy666/ob3ect/.lake/build/lib/lean /home/mrnob0dy666/.elan/toolchains/leanprover--lean4---v4.28.0/bin/lean /home/mrnob0dy666/ob3ect/Proofs/Hopf.lean -o /home/mrnob0dy666/ob3ect/.lake/build/lib/lean/Proofs/Hopf.olean -i /home/mrnob0dy666/ob3ect/.lake/build/lib/lean/Proofs/Hopf.ilean -c /home/mrnob0dy666/ob3ect/.lake/build/ir/Proofs/Hopf.c --setup /home/mrnob0dy666/ob3ect/.lake/build/ir/Proofs/Hopf.setup.json --json",
   "level": "trace"}],
 "inputs":
 [["Proofs.Hopf:deps",
   [["deps",
     [["«ob3ect-proofs»/Proofs:extraDep",
       [["@«ob3ect-proofs»:extraDep", "00000000000006bb"]]],
      ["imports", "00000000000006bb"]]],
    ["libs",
     [["import dynlibs", "00000000000006bb"],
      ["package external libraries", "00000000000006bb"],
      ["module dynlibs", "00000000000006bb"],
      ["module plugins", "00000000000006bb"]]]]],
  ["Lean 4.28.0, commit 7e01a1bf5c70fc6167d49c345d3bf80596e9a79b",
   "a96bc04a2e5e9630"],
  ["/home/mrnob0dy666/ob3ect/Proofs/Hopf.lean", "b1ef7195d33f4b9b"],
  ["options",
   [["-DrelaxedAutoImplicit=false", "74a2b5546b55be80"],
    ["-Dpp.unicode.fun=true", "9b94070140457fab"]]],
  ["Module.leanArgs: #[]", "00000000000006bb"]],
 "depHash": "9a67c9ebeadc69f1"}