{"synthetic": false,
 "schemaVersion": "2025-09-10",
 "outputs":
 {"o": ["4a220062863d7955.olean"],
  "i": "bdecd7b61fb501a9.ilean",
  "c": "d07530ca6463cad1.c"},
 "log":
 [{"message":
   ".> LEAN_PATH=/home/mrnob0dy666/ob3ect/.lake/packages/Cli/.lake/build/lib/lean:/home/mrnob0dy666/ob3ect/.lake/packages/batteries/.lake/build/lib/lean:/home/mrnob0dy666/ob3ect/.lake/packages/Qq/.lake/build/lib/lean:/home/mrnob0dy666/ob3ect/.lake/packages/aesop/.lake/build/lib/lean:/home/mrnob0dy666/ob3ect/.lake/packages/proofwidgets/.lake/build/lib/lean:/home/mrnob0dy666/ob3ect/.lake/packages/importGraph/.lake/build/lib/lean:/home/mrnob0dy666/ob3ect/.lake/packages/LeanSearchClient/.lake/build/lib/lean:/home/mrnob0dy666/ob3ect/.lake/packages/plausible/.lake/build/lib/lean:/home/mrnob0dy666/ob3ect/.lake/packages/mathlib/.lake/build/lib/lean:/home/mrnob0dy666/ob3ect/.lake/build/lib/lean /home/mrnob0dy666/.elan/toolchains/leanprover--lean4---v4.28.0/bin/lean /home/mrnob0dy666/ob3ect/Proofs/HoTT.lean -o /home/mrnob0dy666/ob3ect/.lake/build/lib/lean/Proofs/HoTT.olean -i /home/mrnob0dy666/ob3ect/.lake/build/lib/lean/Proofs/HoTT.ilean -c /home/mrnob0dy666/ob3ect/.lake/build/ir/Proofs/HoTT.c --setup /home/mrnob0dy666/ob3ect/.lake/build/ir/Proofs/HoTT.setup.json --json",
   "level": "trace"},
  {"message":
   "Proofs/HoTT.lean:8:28: unused variable `a`\n\nNote: This linter can be disabled with `set_option linter.unusedVariables false`",
   "level": "warning"},
  {"message":
   "Proofs/HoTT.lean:8:30: unused variable `b`\n\nNote: This linter can be disabled with `set_option linter.unusedVariables false`",
   "level": "warning"},
  {"message":
   "Proofs/HoTT.lean:11:7: unused variable `d`\n\nNote: This linter can be disabled with `set_option linter.unusedVariables false`",
   "level": "warning"}],
 "inputs":
 [["Proofs.HoTT:deps",
   [["deps",
     [["«ob3ect-proofs»/Proofs:extraDep",
       [["@«ob3ect-proofs»:extraDep", "00000000000006bb"]]],
      ["imports", "00000000000006bb"]]],
    ["libs",
     [["import dynlibs", "00000000000006bb"],
      ["package external libraries", "00000000000006bb"],
      ["module dynlibs", "00000000000006bb"],
      ["module plugins", "00000000000006bb"]]]]],
  ["Lean 4.28.0, commit 7e01a1bf5c70fc6167d49c345d3bf80596e9a79b",
   "a96bc04a2e5e9630"],
  ["/home/mrnob0dy666/ob3ect/Proofs/HoTT.lean", "efbaecacaba2a6c0"],
  ["options",
   [["-DrelaxedAutoImplicit=false", "74a2b5546b55be80"],
    ["-Dpp.unicode.fun=true", "9b94070140457fab"]]],
  ["Module.leanArgs: #[]", "00000000000006bb"]],
 "depHash": "1e174d9655378360"}